<?xml version="1.0" encoding="UTF-8"?>
<!-- Generated by org.testng.reporters.JUnitReportReporter -->
<testsuite hostname="DESKTOP-LAUHH40" failures="0" tests="1" name="Execution" time="0.004" errors="0" timestamp="2022-06-28T09:38:09 AEST" skipped="0">
  <testcase classname="Execution" name="SC_01" time="0.004"/>
  <system-out/>
</testsuite> <!-- Execution -->
